<?xml version="1.0" encoding="UTF-8"?>
<testsuite name="org.dssc.chip8.Tests" tests="1" skipped="0" failures="0" errors="0" timestamp="2022-12-12T20:24:06" hostname="cyberguli-HP-EliteBook-830-G8-Notebook-PC" time="0.022">
  <properties/>
  <testcase name="test_clear_register()" classname="org.dssc.chip8.Tests" time="0.022"/>
  <system-out><![CDATA[null
]]></system-out>
  <system-err><![CDATA[]]></system-err>
</testsuite>
