<?xml version="1.0" encoding="UTF-8"?>
<testsuite name="org.dssc.chip8.Tests" tests="1" skipped="0" failures="0" errors="0" timestamp="2022-12-13T18:31:23" hostname="cyberguli-HP-EliteBook-830-G8-Notebook-PC" time="0.016">
  <properties/>
  <testcase name="test_clear_register()" classname="org.dssc.chip8.Tests" time="0.016"/>
  <system-out><![CDATA[]]></system-out>
  <system-err><![CDATA[]]></system-err>
</testsuite>
